[debug] [2021-10-31T12:21:40.651Z] ----------------------------------------------------------------------
[debug] [2021-10-31T12:21:40.653Z] Command:       C:\Program Files\nodejs\node.exe C:\Program Files\nodejs\node_modules\firebase-tools\lib\bin\firebase.js deploy
[debug] [2021-10-31T12:21:40.654Z] CLI Version:   9.20.0
[debug] [2021-10-31T12:21:40.654Z] Platform:      win32
[debug] [2021-10-31T12:21:40.654Z] Node Version:  v16.6.0
[debug] [2021-10-31T12:21:40.658Z] Time:          Sun Oct 31 2021 18:21:40 GMT+0600 (Bangladesh Standard Time)
[debug] [2021-10-31T12:21:40.658Z] ----------------------------------------------------------------------
[debug] 
[debug] [2021-10-31T12:21:40.716Z] > command requires scopes: ["email","openid","https://www.googleapis.com/auth/cloudplatformprojects.readonly","https://www.googleapis.com/auth/firebase","https://www.googleapis.com/auth/cloud-platform"]
[debug] [2021-10-31T12:21:40.716Z] > authorizing via signed-in user (mizanmahi.dev@gmail.com)
[debug] [2021-10-31T12:21:40.717Z] [iam] checking project shomex-bd for permissions ["firebase.projects.get","firebasehosting.sites.update"]
[debug] [2021-10-31T12:21:40.719Z] > refreshing access token with scopes: ["email","https://www.googleapis.com/auth/cloud-platform","https://www.googleapis.com/auth/cloudplatformprojects.readonly","https://www.googleapis.com/auth/firebase","openid"]
[debug] [2021-10-31T12:21:40.719Z] >>> HTTP REQUEST POST https://www.googleapis.com/oauth2/v3/token  
 <request body omitted>
[debug] [2021-10-31T12:21:52.790Z] [iam] error while checking permissions, command may fail: FirebaseError: Authentication Error: Your credentials are no longer valid. Please run firebase login --reauth

For CI servers and headless environments, generate a new token with firebase login:ci
[debug] [2021-10-31T12:21:52.794Z] > refreshing access token with scopes: []
[debug] [2021-10-31T12:21:52.795Z] >>> HTTP REQUEST POST https://www.googleapis.com/oauth2/v3/token  
 <request body omitted>
[debug] [2021-10-31T12:21:52.804Z] Authentication Error: Your credentials are no longer valid. Please run firebase login --reauth

For CI servers and headless environments, generate a new token with firebase login:ci
[debug] [2021-10-31T12:21:52.817Z] FirebaseError: Authentication Error: Your credentials are no longer valid. Please run firebase login --reauth

For CI servers and headless environments, generate a new token with firebase login:ci
    at invalidCredentialError (C:\Users\mizanmahi\AppData\Roaming\nvm\v16.6.0\node_modules\firebase-tools\lib\auth.js:141:12)
    at refreshTokens (C:\Users\mizanmahi\AppData\Roaming\nvm\v16.6.0\node_modules\firebase-tools\lib\auth.js:448:15)
    at processTicksAndRejections (node:internal/process/task_queues:96:5)
    at async Client.getAccessToken (C:\Users\mizanmahi\AppData\Roaming\nvm\v16.6.0\node_modules\firebase-tools\lib\apiv2.js:144:23)
    at async Client.addAuthHeader (C:\Users\mizanmahi\AppData\Roaming\nvm\v16.6.0\node_modules\firebase-tools\lib\apiv2.js:135:21)
    at async Client.request (C:\Users\mizanmahi\AppData\Roaming\nvm\v16.6.0\node_modules\firebase-tools\lib\apiv2.js:93:34)
    at async Object.getFirebaseProject (C:\Users\mizanmahi\AppData\Roaming\nvm\v16.6.0\node_modules\firebase-tools\lib\management\projects.js:290:21)
    at async Object.getDefaultHostingSite (C:\Users\mizanmahi\AppData\Roaming\nvm\v16.6.0\node_modules\firebase-tools\lib\getDefaultHostingSite.js:8:21)
    at async requireHostingSite (C:\Users\mizanmahi\AppData\Roaming\nvm\v16.6.0\node_modules\firebase-tools\lib\requireHostingSite.js:9:18)
    at async Object.fn (C:\Users\mizanmahi\AppData\Roaming\nvm\v16.6.0\node_modules\firebase-tools\lib\commands\deploy.js:65:9)
    at async C:\Users\mizanmahi\AppData\Roaming\nvm\v16.6.0\node_modules\firebase-tools\lib\command.js:188:17
[error] 
[error] Error: Failed to get Firebase project shomex-bd. Please make sure the project exists and your account has permission to access it.
